<?xml version="1.0" encoding="UTF-8"?>
<!-- Generated by org.testng.reporters.JUnitReportReporter -->
<testsuite skipped="0" hostname="MAYANK-VIDYARTHI" name="com.scripts.MavenActiTIME.TESTActitime_Login" tests="1" failures="0" timestamp="27 May 2020 12:19:06 GMT" time="7.195" errors="0">
  <testcase name="mayank" time="7.195" classname="com.scripts.MavenActiTIME.TESTActitime_Login"/>
</testsuite> <!-- com.scripts.MavenActiTIME.TESTActitime_Login -->
